{"D:\\skylab\\bootcamp\\skylab-bootcamp-202104-bcn\\josep-suarez\\wuiz\\backend\\src\\controllers\\todosController.js": {"path":"D:\\skylab\\bootcamp\\skylab-bootcamp-202104-bcn\\josep-suarez\\wuiz\\backend\\src\\controllers\\todosController.js","statementMap":{"0":{"start":{"line":1,"column":13},"end":{"line":1,"column":42}},"1":{"start":{"line":5,"column":18},"end":{"line":5,"column":35}},"2":{"start":{"line":6,"column":4},"end":{"line":6,"column":20}},"3":{"start":{"line":9,"column":20},"end":{"line":9,"column":38}},"4":{"start":{"line":10,"column":4},"end":{"line":15,"column":5}},"5":{"start":{"line":11,"column":6},"end":{"line":11,"column":27}},"6":{"start":{"line":12,"column":6},"end":{"line":12,"column":24}},"7":{"start":{"line":14,"column":6},"end":{"line":14,"column":22}},"8":{"start":{"line":18,"column":4},"end":{"line":25,"column":5}},"9":{"start":{"line":19,"column":23},"end":{"line":21,"column":7}},"10":{"start":{"line":22,"column":6},"end":{"line":22,"column":25}},"11":{"start":{"line":24,"column":6},"end":{"line":24,"column":22}},"12":{"start":{"line":29,"column":15},"end":{"line":29,"column":40}},"13":{"start":{"line":30,"column":4},"end":{"line":40,"column":5}},"14":{"start":{"line":31,"column":26},"end":{"line":35,"column":7}},"15":{"start":{"line":36,"column":6},"end":{"line":36,"column":28}},"16":{"start":{"line":38,"column":6},"end":{"line":38,"column":22}},"17":{"start":{"line":39,"column":6},"end":{"line":39,"column":22}},"18":{"start":{"line":43,"column":4},"end":{"line":48,"column":5}},"19":{"start":{"line":44,"column":6},"end":{"line":44,"column":54}},"20":{"start":{"line":45,"column":6},"end":{"line":45,"column":17}},"21":{"start":{"line":47,"column":6},"end":{"line":47,"column":22}},"22":{"start":{"line":51,"column":2},"end":{"line":57,"column":4}},"23":{"start":{"line":60,"column":0},"end":{"line":60,"column":33}}},"fnMap":{"0":{"name":"TodosController","decl":{"start":{"line":3,"column":9},"end":{"line":3,"column":24}},"loc":{"start":{"line":3,"column":27},"end":{"line":58,"column":1}},"line":3},"1":{"name":"getAll","decl":{"start":{"line":4,"column":17},"end":{"line":4,"column":23}},"loc":{"start":{"line":4,"column":34},"end":{"line":7,"column":3}},"line":4},"2":{"name":"createOne","decl":{"start":{"line":8,"column":17},"end":{"line":8,"column":26}},"loc":{"start":{"line":8,"column":37},"end":{"line":16,"column":3}},"line":8},"3":{"name":"getById","decl":{"start":{"line":17,"column":17},"end":{"line":17,"column":24}},"loc":{"start":{"line":17,"column":35},"end":{"line":26,"column":3}},"line":17},"4":{"name":"updateById","decl":{"start":{"line":28,"column":17},"end":{"line":28,"column":27}},"loc":{"start":{"line":28,"column":38},"end":{"line":41,"column":3}},"line":28},"5":{"name":"deleteById","decl":{"start":{"line":42,"column":17},"end":{"line":42,"column":27}},"loc":{"start":{"line":42,"column":38},"end":{"line":49,"column":3}},"line":42}},"branchMap":{},"s":{"0":1,"1":1,"2":1,"3":1,"4":1,"5":1,"6":1,"7":0,"8":2,"9":2,"10":1,"11":1,"12":2,"13":2,"14":2,"15":1,"16":1,"17":1,"18":2,"19":2,"20":1,"21":1,"22":1,"23":1},"f":{"0":1,"1":1,"2":1,"3":2,"4":2,"5":2},"b":{},"_coverageSchema":"1a1c01bbd47fc00a2c39e90264f33305004495a9","hash":"9e8b9173f26df9bbb49bc20b115e47c3f45993fa"}
,"D:\\skylab\\bootcamp\\skylab-bootcamp-202104-bcn\\josep-suarez\\wuiz\\backend\\src\\model\\todoModel.js": {"path":"D:\\skylab\\bootcamp\\skylab-bootcamp-202104-bcn\\josep-suarez\\wuiz\\backend\\src\\model\\todoModel.js","statementMap":{"0":{"start":{"line":1,"column":17},"end":{"line":1,"column":36}},"1":{"start":{"line":3,"column":20},"end":{"line":6,"column":2}},"2":{"start":{"line":8,"column":0},"end":{"line":8,"column":54}}},"fnMap":{},"branchMap":{},"s":{"0":1,"1":1,"2":1},"f":{},"b":{},"_coverageSchema":"1a1c01bbd47fc00a2c39e90264f33305004495a9","hash":"41d34e434c479549a6ca926427688293c586e361"}
}
