TN:
SF:src\controllers\todosController.js
FN:3,TodosController
FN:4,getAll
FN:8,createOne
FN:17,getById
FN:28,updateById
FN:42,deleteById
FNF:6
FNH:6
FNDA:1,TodosController
FNDA:1,getAll
FNDA:1,createOne
FNDA:2,getById
FNDA:2,updateById
FNDA:2,deleteById
DA:1,1
DA:5,1
DA:6,1
DA:9,1
DA:10,1
DA:11,1
DA:12,1
DA:14,0
DA:18,2
DA:19,2
DA:22,1
DA:24,1
DA:29,2
DA:30,2
DA:31,2
DA:36,1
DA:38,1
DA:39,1
DA:43,2
DA:44,2
DA:45,1
DA:47,1
DA:51,1
DA:60,1
LF:24
LH:23
BRF:0
BRH:0
end_of_record
TN:
SF:src\model\todoModel.js
FNF:0
FNH:0
DA:1,1
DA:3,1
DA:8,1
LF:3
LH:3
BRF:0
BRH:0
end_of_record
